<?xml version="1.0" encoding="UTF-8"?><testsuite failures="0" name="cucumber.runtime.formatter.JUnitFormatter" skipped="0" tests="1" time="75.348627">
<testcase classname="Deal data creation" name="Free CRM Create a new deal scenario" time="75.348627">
<system-out><![CDATA[Given user is already in login page.........................................passed
When Title of the login page is free CRM....................................passed
Then user enter username and password.......................................passed
Then user click on login Button.............................................passed
Then user is on home page...................................................passed
Then user moves to new deal page............................................passed
Then user enters deal details...............................................passed
Then logout of application..................................................passed
]]></system-out>
</testcase>
</testsuite>
